Using pre-set license
Built from '2020.2/release' branch; Version is '2020.2.4f1 (becced5a802b) revision 12504301'; Using compiler version '192528614'; Build Type 'Release'
OS: 'Windows 10 Home; OS build 19041.867; Version 2004; 64bit' Language: 'en' Physical Memory: 16305 MB
BatchMode: 1, IsHumanControllingUs: 0, StartBugReporterOnCrash: 0, Is64bit: 1, IsPro: 0

 COMMAND LINE ARGUMENTS:
C:\Program Files\Unity\Hub\Editor\2020.2.4f1\Editor\Unity.exe
-adb2
-batchMode
-noUpm
-name
AssetImportWorker0
-projectPath
C:/Users/Jesse/Documents/GitHub/MagnoTheRobot/MagnoTheRobot
-logFile
Logs/AssetImportWorker0.log
-srvPort
64441
Successfully changed project path to: C:/Users/Jesse/Documents/GitHub/MagnoTheRobot/MagnoTheRobot
C:/Users/Jesse/Documents/GitHub/MagnoTheRobot/MagnoTheRobot
Using Asset Import Pipeline V2.
Refreshing native plugins compatible for Editor in 41.15 ms, found 0 plugins.
Preloading 0 native plugins for Editor in 0.00 ms.
Initialize engine version: 2020.2.4f1 (becced5a802b)
[Subsystems] Discovering subsystems at path C:/Program Files/Unity/Hub/Editor/2020.2.4f1/Editor/Data/Resources/UnitySubsystems
[Subsystems] Discovering subsystems at path C:/Users/Jesse/Documents/GitHub/MagnoTheRobot/MagnoTheRobot/Assets
GfxDevice: creating device client; threaded=0
Direct3D:
    Version:  Direct3D 11.0 [level 11.1]
    Renderer: NVIDIA GeForce GTX 1660 Ti (ID=0x2182)
    Vendor:   
    VRAM:     5991 MB
    Driver:   27.21.14.5671
Initialize mono
Mono path[0] = 'C:/Program Files/Unity/Hub/Editor/2020.2.4f1/Editor/Data/Managed'
Mono path[1] = 'C:/Program Files/Unity/Hub/Editor/2020.2.4f1/Editor/Data/MonoBleedingEdge/lib/mono/unityjit'
Mono config path = 'C:/Program Files/Unity/Hub/Editor/2020.2.4f1/Editor/Data/MonoBleedingEdge/etc'
Using monoOptions --debugger-agent=transport=dt_socket,embedding=1,server=y,suspend=n,address=127.0.0.1:56016
Begin MonoManager ReloadAssembly
Registering precompiled unity dll's ...
Register platform support module: C:/Program Files/Unity/Hub/Editor/2020.2.4f1/Editor/Data/PlaybackEngines/WebGLSupport/UnityEditor.WebGL.Extensions.dll
Register platform support module: C:/Program Files/Unity/Hub/Editor/2020.2.4f1/Editor/Data/PlaybackEngines/WindowsStandaloneSupport/UnityEditor.WindowsStandalone.Extensions.dll
Registered in 0.002674 seconds.
Native extension for WindowsStandalone target not found
Native extension for WebGL target not found
Refreshing native plugins compatible for Editor in 63.22 ms, found 0 plugins.
Preloading 0 native plugins for Editor in 0.00 ms.
Invoked RoslynAnalysisRunner static constructor.
RoslynAnalysisRunner will not be running.
RoslynAnalysisRunner has terminated.
Mono: successfully reloaded assembly
- Completed reload, in  1.823 seconds
Platform modules already initialized, skipping
Registering precompiled user dll's ...
Registered in 0.001636 seconds.
Begin MonoManager ReloadAssembly
Native extension for WindowsStandalone target not found
Native extension for WebGL target not found
Refreshing native plugins compatible for Editor in 46.12 ms, found 0 plugins.
Preloading 0 native plugins for Editor in 0.00 ms.
Invoked RoslynAnalysisRunner static constructor.
RoslynAnalysisRunner will not be running.
RoslynAnalysisRunner has terminated.
Mono: successfully reloaded assembly
- Completed reload, in  0.954 seconds
Platform modules already initialized, skipping
========================================================================
Worker process is ready to serve import requests
Shader 'Universal Render Pipeline/Particles/Lit': fallback shader 'Universal Render Pipeline/Particles/SimpleLit' not found
Shader 'Universal Render Pipeline/Particles/Lit': fallback shader 'Universal Render Pipeline/Particles/SimpleLit' not found
Launched and connected shader compiler UnityShaderCompiler.exe after 0.05 seconds
Refreshing native plugins compatible for Editor in 0.37 ms, found 0 plugins.
Preloading 0 native plugins for Editor in 0.00 ms.
Unloading 2713 Unused Serialized files (Serialized files now loaded: 0)
System memory in use before: 124.1 MB.
System memory in use after: 122.0 MB.

Unloading 45 unused Assets to reduce memory usage. Loaded Objects now: 3126.
Total: 3.261400 ms (FindLiveObjects: 0.306200 ms CreateObjectMapping: 0.190500 ms MarkObjects: 1.736900 ms  DeleteObjects: 1.027000 ms)

========================================================================
Received Import Request.
  path: Assets/Scenes
  artifactKey: Guid(5e9833ef5832156498e4dc4d82bfcb8f) Importer(815301076,1909f56bfc062723c751e8b465ee728b)
Start importing Assets/Scenes using Guid(5e9833ef5832156498e4dc4d82bfcb8f) Importer(815301076,1909f56bfc062723c751e8b465ee728b)  -> (artifact id: '2de5d2c81f4d985344e316dd7dc9729d') in 0.006247 seconds
  Import took 0.009659 seconds .

========================================================================
Received Import Request.
  Time since last request: 8.052114 seconds.
  path: Assets/Scenes/StartScene.unity
  artifactKey: Guid(46df6d617e3bded4f89f7946e0335de0) Importer(815301076,1909f56bfc062723c751e8b465ee728b)
Start importing Assets/Scenes/StartScene.unity using Guid(46df6d617e3bded4f89f7946e0335de0) Importer(815301076,1909f56bfc062723c751e8b465ee728b)  -> (artifact id: 'ba9c4950d1981076654e7516dc57e833') in 0.010045 seconds
  Import took 0.013835 seconds .

========================================================================
Received Import Request.
  Time since last request: 9.012780 seconds.
  path: Assets/Scenes/Credits.unity
  artifactKey: Guid(d6079e864aa22a348a8106957cb7a0d6) Importer(815301076,1909f56bfc062723c751e8b465ee728b)
Start importing Assets/Scenes/Credits.unity using Guid(d6079e864aa22a348a8106957cb7a0d6) Importer(815301076,1909f56bfc062723c751e8b465ee728b)  -> (artifact id: '35b90d7b15e9f2c2a5c3367292a34e63') in 0.003983 seconds
  Import took 0.007733 seconds .

========================================================================
Received Import Request.
  Time since last request: 11.864523 seconds.
  path: Assets/Scripts/Menus
  artifactKey: Guid(1e744e8bfc9058b499a853056176be00) Importer(815301076,1909f56bfc062723c751e8b465ee728b)
Start importing Assets/Scripts/Menus using Guid(1e744e8bfc9058b499a853056176be00) Importer(815301076,1909f56bfc062723c751e8b465ee728b)  -> (artifact id: 'f2de582901a584d3d7a102c64dbe8bc4') in 0.003139 seconds
  Import took 0.006522 seconds .

========================================================================
Received Prepare
Registering precompiled user dll's ...
Registered in 0.001703 seconds.
Begin MonoManager ReloadAssembly
Native extension for WindowsStandalone target not found
Native extension for WebGL target not found
Refreshing native plugins compatible for Editor in 0.38 ms, found 0 plugins.
Preloading 0 native plugins for Editor in 0.00 ms.
Invoked RoslynAnalysisRunner static constructor.
RoslynAnalysisRunner will not be running.
RoslynAnalysisRunner has terminated.
Mono: successfully reloaded assembly
- Completed reload, in  0.823 seconds
Platform modules already initialized, skipping
Shader 'Universal Render Pipeline/Particles/Lit': fallback shader 'Universal Render Pipeline/Particles/SimpleLit' not found
Shader 'Universal Render Pipeline/Particles/Lit': fallback shader 'Universal Render Pipeline/Particles/SimpleLit' not found
Refreshing native plugins compatible for Editor in 0.39 ms, found 0 plugins.
Preloading 0 native plugins for Editor in 0.00 ms.
Unloading 2634 Unused Serialized files (Serialized files now loaded: 0)
System memory in use before: 120.8 MB.
System memory in use after: 118.7 MB.

Unloading 38 unused Assets to reduce memory usage. Loaded Objects now: 3129.
Total: 3.337100 ms (FindLiveObjects: 0.280400 ms CreateObjectMapping: 0.115100 ms MarkObjects: 1.798700 ms  DeleteObjects: 1.141800 ms)

========================================================================
Received Import Request.
  Time since last request: 41.982190 seconds.
  path: Assets/Scripts/Menus/MainMenu.cs
  artifactKey: Guid(7cb804985e502ac4f8ebdf52a137ede0) Importer(815301076,1909f56bfc062723c751e8b465ee728b)
Start importing Assets/Scripts/Menus/MainMenu.cs using Guid(7cb804985e502ac4f8ebdf52a137ede0) Importer(815301076,1909f56bfc062723c751e8b465ee728b)  -> (artifact id: '9f0cea7546a12f53762e4bdcbc96be6c') in 0.034830 seconds
  Import took 0.038455 seconds .

========================================================================
Received Import Request.
  Time since last request: 1145.198537 seconds.
  path: Assets/Models/Magno/MagnoMenu.controller
  artifactKey: Guid(81927001ae303934d9b434e65170a7aa) Importer(815301076,1909f56bfc062723c751e8b465ee728b)
Start importing Assets/Models/Magno/MagnoMenu.controller using Guid(81927001ae303934d9b434e65170a7aa) Importer(815301076,1909f56bfc062723c751e8b465ee728b)  -> (artifact id: '24cd1f96efbdb7d8cdf1e30b97980f68') in 0.023518 seconds
  Import took 0.027899 seconds .

========================================================================
Received Prepare
Registering precompiled user dll's ...
Registered in 0.001486 seconds.
Begin MonoManager ReloadAssembly
Native extension for WindowsStandalone target not found
Native extension for WebGL target not found
Refreshing native plugins compatible for Editor in 0.39 ms, found 0 plugins.
Preloading 0 native plugins for Editor in 0.00 ms.
Invoked RoslynAnalysisRunner static constructor.
RoslynAnalysisRunner will not be running.
RoslynAnalysisRunner has terminated.
Mono: successfully reloaded assembly
- Completed reload, in  0.856 seconds
Platform modules already initialized, skipping
Shader 'Universal Render Pipeline/Particles/Lit': fallback shader 'Universal Render Pipeline/Particles/SimpleLit' not found
Shader 'Universal Render Pipeline/Particles/Lit': fallback shader 'Universal Render Pipeline/Particles/SimpleLit' not found
Refreshing native plugins compatible for Editor in 0.38 ms, found 0 plugins.
Preloading 0 native plugins for Editor in 0.00 ms.
Unloading 2634 Unused Serialized files (Serialized files now loaded: 0)
System memory in use before: 120.9 MB.
System memory in use after: 118.7 MB.

Unloading 38 unused Assets to reduce memory usage. Loaded Objects now: 3131.
Total: 3.692900 ms (FindLiveObjects: 0.248500 ms CreateObjectMapping: 0.120500 ms MarkObjects: 1.841000 ms  DeleteObjects: 1.481900 ms)

========================================================================
Received Import Request.
  Time since last request: 81.228499 seconds.
  path: Assets/Textures/Menu
  artifactKey: Guid(e7fe70bef2b60cd41bcd173cb0b5f430) Importer(815301076,1909f56bfc062723c751e8b465ee728b)
Start importing Assets/Textures/Menu using Guid(e7fe70bef2b60cd41bcd173cb0b5f430) Importer(815301076,1909f56bfc062723c751e8b465ee728b)  -> (artifact id: '909b5be4758966495d12665a673b97f4') in 0.006104 seconds
  Import took 0.009732 seconds .

========================================================================
Received Import Request.
  Time since last request: 14.138697 seconds.
  path: Assets/Textures/Menu/Controls.png
  artifactKey: Guid(d311824ff5ba3c148be4339f35ac506e) Importer(815301076,1909f56bfc062723c751e8b465ee728b)
Start importing Assets/Textures/Menu/Controls.png using Guid(d311824ff5ba3c148be4339f35ac506e) Importer(815301076,1909f56bfc062723c751e8b465ee728b)  -> (artifact id: '4fc62ee2164a59811bec13753bd8afa1') in 0.039802 seconds
  Import took 0.043340 seconds .

========================================================================
Received Import Request.
  Time since last request: 0.000334 seconds.
  path: Assets/Textures/Menu/PLAY.png
  artifactKey: Guid(1fe2a2b74679d984b9678266025d6e18) Importer(815301076,1909f56bfc062723c751e8b465ee728b)
Start importing Assets/Textures/Menu/PLAY.png using Guid(1fe2a2b74679d984b9678266025d6e18) Importer(815301076,1909f56bfc062723c751e8b465ee728b)  -> (artifact id: '1f58ff6ff82c0f8e3cbde1569d986484') in 0.008947 seconds
  Import took 0.012319 seconds .

========================================================================
Received Import Request.
  Time since last request: 0.000309 seconds.
  path: Assets/Textures/Menu/MENU.png
  artifactKey: Guid(b47a532b18e962640a9e6c977bc0cc39) Importer(815301076,1909f56bfc062723c751e8b465ee728b)
Start importing Assets/Textures/Menu/MENU.png using Guid(b47a532b18e962640a9e6c977bc0cc39) Importer(815301076,1909f56bfc062723c751e8b465ee728b)  -> (artifact id: 'c46dbc10d5436995fcbfe46283132860') in 0.008633 seconds
  Import took 0.012301 seconds .

========================================================================
Received Import Request.
  Time since last request: 0.000422 seconds.
  path: Assets/Textures/Menu/QUIT.png
  artifactKey: Guid(2a4b04acbe3b5e9469e74a2fdc43d174) Importer(815301076,1909f56bfc062723c751e8b465ee728b)
Start importing Assets/Textures/Menu/QUIT.png using Guid(2a4b04acbe3b5e9469e74a2fdc43d174) Importer(815301076,1909f56bfc062723c751e8b465ee728b)  -> (artifact id: '9ada7e1db980f95e15d6e52d4779e51d') in 0.007801 seconds
  Import took 0.011469 seconds .

========================================================================
Received Import Request.
  Time since last request: 0.000308 seconds.
  path: Assets/Textures/Menu/Title.png
  artifactKey: Guid(ae3f8d2de2b94c249957a68fa61532e8) Importer(815301076,1909f56bfc062723c751e8b465ee728b)
Start importing Assets/Textures/Menu/Title.png using Guid(ae3f8d2de2b94c249957a68fa61532e8) Importer(815301076,1909f56bfc062723c751e8b465ee728b)  -> (artifact id: 'a2505a823ed008870bd87654c8b39603') in 0.010205 seconds
  Import took 0.013710 seconds .

========================================================================
Received Import Request.
  Time since last request: 0.000355 seconds.
  path: Assets/Textures/Menu/TIPS.png
  artifactKey: Guid(8ad410f397289c04da2ef88692a1ad14) Importer(815301076,1909f56bfc062723c751e8b465ee728b)
Start importing Assets/Textures/Menu/TIPS.png using Guid(8ad410f397289c04da2ef88692a1ad14) Importer(815301076,1909f56bfc062723c751e8b465ee728b)  -> (artifact id: '73c6f11be9ac1208170d61f46c9b792e') in 0.008117 seconds
  Import took 0.012076 seconds .

========================================================================
Received Import Request.
  Time since last request: 0.000406 seconds.
  path: Assets/Textures/Menu/HOW.png
  artifactKey: Guid(0e760cea5e3f176498efd726bac5198e) Importer(815301076,1909f56bfc062723c751e8b465ee728b)
Start importing Assets/Textures/Menu/HOW.png using Guid(0e760cea5e3f176498efd726bac5198e) Importer(815301076,1909f56bfc062723c751e8b465ee728b)  -> (artifact id: 'df997350ac7792be13a7fd9175f2d17d') in 0.008370 seconds
  Import took 0.011961 seconds .

========================================================================
Received Import Request.
  Time since last request: 0.000329 seconds.
  path: Assets/Textures/Menu/WHO.png
  artifactKey: Guid(d4e18b815c4c188488d9603f58911f19) Importer(815301076,1909f56bfc062723c751e8b465ee728b)
Start importing Assets/Textures/Menu/WHO.png using Guid(d4e18b815c4c188488d9603f58911f19) Importer(815301076,1909f56bfc062723c751e8b465ee728b)  -> (artifact id: 'cfd51663a25db77c8ab8b8a99281dad0') in 0.008719 seconds
  Import took 0.012946 seconds .

========================================================================
Received Import Request.
  Time since last request: 0.000353 seconds.
  path: Assets/Textures/Menu/WHY.png
  artifactKey: Guid(ac186931da7233842bb4ab7bf272ddf1) Importer(815301076,1909f56bfc062723c751e8b465ee728b)
Start importing Assets/Textures/Menu/WHY.png using Guid(ac186931da7233842bb4ab7bf272ddf1) Importer(815301076,1909f56bfc062723c751e8b465ee728b)  -> (artifact id: '95c16d805032b9faad20586c5ec21340') in 0.008204 seconds
  Import took 0.011715 seconds .

========================================================================
Received Import Request.
  Time since last request: 0.000376 seconds.
  path: Assets/Textures/Menu/credits.png
  artifactKey: Guid(b8bab893e2b6c624389cda18d33787e5) Importer(815301076,1909f56bfc062723c751e8b465ee728b)
Start importing Assets/Textures/Menu/credits.png using Guid(b8bab893e2b6c624389cda18d33787e5) Importer(815301076,1909f56bfc062723c751e8b465ee728b)  -> (artifact id: 'b42f8e89e22973120771281c8af423d7') in 0.009911 seconds
  Import took 0.013485 seconds .

========================================================================
Received Import Request.
  Time since last request: 16.450162 seconds.
  path: Assets/Textures/Menu/WHY.png
  artifactKey: Guid(ac186931da7233842bb4ab7bf272ddf1) Importer(815301076,1909f56bfc062723c751e8b465ee728b)
Start importing Assets/Textures/Menu/WHY.png using Guid(ac186931da7233842bb4ab7bf272ddf1) Importer(815301076,1909f56bfc062723c751e8b465ee728b)  -> (artifact id: '898fa84354f42fa5d1c2f903d7e8543a') in 0.037188 seconds
  Import took 0.041439 seconds .

========================================================================
Received Import Request.
  Time since last request: 0.000349 seconds.
  path: Assets/Textures/Menu/PLAY.png
  artifactKey: Guid(1fe2a2b74679d984b9678266025d6e18) Importer(815301076,1909f56bfc062723c751e8b465ee728b)
Start importing Assets/Textures/Menu/PLAY.png using Guid(1fe2a2b74679d984b9678266025d6e18) Importer(815301076,1909f56bfc062723c751e8b465ee728b)  -> (artifact id: '6a9814ba0e4437678e078108001a1482') in 0.010228 seconds
  Import took 0.014452 seconds .

========================================================================
Received Import Request.
  Time since last request: 0.000389 seconds.
  path: Assets/Textures/Menu/MENU.png
  artifactKey: Guid(b47a532b18e962640a9e6c977bc0cc39) Importer(815301076,1909f56bfc062723c751e8b465ee728b)
Start importing Assets/Textures/Menu/MENU.png using Guid(b47a532b18e962640a9e6c977bc0cc39) Importer(815301076,1909f56bfc062723c751e8b465ee728b)  -> (artifact id: 'b0cf00674a2c98f9dcf8a00b1ee16625') in 0.010859 seconds
  Import took 0.014597 seconds .

========================================================================
Received Import Request.
  Time since last request: 0.000316 seconds.
  path: Assets/Textures/Menu/QUIT.png
  artifactKey: Guid(2a4b04acbe3b5e9469e74a2fdc43d174) Importer(815301076,1909f56bfc062723c751e8b465ee728b)
Start importing Assets/Textures/Menu/QUIT.png using Guid(2a4b04acbe3b5e9469e74a2fdc43d174) Importer(815301076,1909f56bfc062723c751e8b465ee728b)  -> (artifact id: 'fb69edcbd64d8f5978c01f9168458d21') in 0.008912 seconds
  Import took 0.012552 seconds .

========================================================================
Received Import Request.
  Time since last request: 0.000326 seconds.
  path: Assets/Textures/Menu/Title.png
  artifactKey: Guid(ae3f8d2de2b94c249957a68fa61532e8) Importer(815301076,1909f56bfc062723c751e8b465ee728b)
Start importing Assets/Textures/Menu/Title.png using Guid(ae3f8d2de2b94c249957a68fa61532e8) Importer(815301076,1909f56bfc062723c751e8b465ee728b)  -> (artifact id: '2e6b0a09e4381426a07f220943581bfe') in 0.012248 seconds
  Import took 0.016314 seconds .

========================================================================
Received Import Request.
  Time since last request: 0.000354 seconds.
  path: Assets/Textures/Menu/TIPS.png
  artifactKey: Guid(8ad410f397289c04da2ef88692a1ad14) Importer(815301076,1909f56bfc062723c751e8b465ee728b)
Start importing Assets/Textures/Menu/TIPS.png using Guid(8ad410f397289c04da2ef88692a1ad14) Importer(815301076,1909f56bfc062723c751e8b465ee728b)  -> (artifact id: 'da4194fba98f5dc00912336ecf8c7089') in 0.008916 seconds
  Import took 0.012559 seconds .

========================================================================
Received Import Request.
  Time since last request: 0.000303 seconds.
  path: Assets/Textures/Menu/HOW.png
  artifactKey: Guid(0e760cea5e3f176498efd726bac5198e) Importer(815301076,1909f56bfc062723c751e8b465ee728b)
Start importing Assets/Textures/Menu/HOW.png using Guid(0e760cea5e3f176498efd726bac5198e) Importer(815301076,1909f56bfc062723c751e8b465ee728b)  -> (artifact id: '732d9088cb94f7931e50701f3d39f729') in 0.009832 seconds
  Import took 0.014309 seconds .

========================================================================
Received Import Request.
  Time since last request: 0.000317 seconds.
  path: Assets/Textures/Menu/WHO.png
  artifactKey: Guid(d4e18b815c4c188488d9603f58911f19) Importer(815301076,1909f56bfc062723c751e8b465ee728b)
Start importing Assets/Textures/Menu/WHO.png using Guid(d4e18b815c4c188488d9603f58911f19) Importer(815301076,1909f56bfc062723c751e8b465ee728b)  -> (artifact id: '143bdbfd8450fd53264dec0815080e88') in 0.009222 seconds
  Import took 0.012870 seconds .

========================================================================
Received Import Request.
  Time since last request: 0.000292 seconds.
  path: Assets/Textures/Menu/credits.png
  artifactKey: Guid(b8bab893e2b6c624389cda18d33787e5) Importer(815301076,1909f56bfc062723c751e8b465ee728b)
Start importing Assets/Textures/Menu/credits.png using Guid(b8bab893e2b6c624389cda18d33787e5) Importer(815301076,1909f56bfc062723c751e8b465ee728b)  -> (artifact id: '889f34d8be0a272153e230ba8dac7555') in 0.011852 seconds
  Import took 0.015682 seconds .

========================================================================
Received Import Request.
  Time since last request: 0.000307 seconds.
  path: Assets/Textures/Menu/Controls.png
  artifactKey: Guid(d311824ff5ba3c148be4339f35ac506e) Importer(815301076,1909f56bfc062723c751e8b465ee728b)
Start importing Assets/Textures/Menu/Controls.png using Guid(d311824ff5ba3c148be4339f35ac506e) Importer(815301076,1909f56bfc062723c751e8b465ee728b)  -> (artifact id: 'e76f644cf0c4bb41cdb0677042a5d8b8') in 0.011897 seconds
  Import took 0.015569 seconds .

========================================================================
Received Prepare
Registering precompiled user dll's ...
Registered in 0.001863 seconds.
Begin MonoManager ReloadAssembly
Native extension for WindowsStandalone target not found
Native extension for WebGL target not found
Refreshing native plugins compatible for Editor in 0.41 ms, found 0 plugins.
Preloading 0 native plugins for Editor in 0.00 ms.
Invoked RoslynAnalysisRunner static constructor.
RoslynAnalysisRunner will not be running.
RoslynAnalysisRunner has terminated.
Mono: successfully reloaded assembly
- Completed reload, in  0.817 seconds
Platform modules already initialized, skipping
Shader 'Universal Render Pipeline/Particles/Lit': fallback shader 'Universal Render Pipeline/Particles/SimpleLit' not found
Shader 'Universal Render Pipeline/Particles/Lit': fallback shader 'Universal Render Pipeline/Particles/SimpleLit' not found
Refreshing native plugins compatible for Editor in 0.39 ms, found 0 plugins.
Preloading 0 native plugins for Editor in 0.00 ms.
Unloading 2634 Unused Serialized files (Serialized files now loaded: 0)
System memory in use before: 123.9 MB.
System memory in use after: 121.7 MB.

Unloading 38 unused Assets to reduce memory usage. Loaded Objects now: 3141.
Total: 3.553900 ms (FindLiveObjects: 0.280600 ms CreateObjectMapping: 0.153500 ms MarkObjects: 1.713000 ms  DeleteObjects: 1.405500 ms)

========================================================================
Received Prepare
Registering precompiled user dll's ...
Registered in 0.001515 seconds.
Begin MonoManager ReloadAssembly
Native extension for WindowsStandalone target not found
Native extension for WebGL target not found
Refreshing native plugins compatible for Editor in 0.41 ms, found 0 plugins.
Preloading 0 native plugins for Editor in 0.00 ms.
Invoked RoslynAnalysisRunner static constructor.
RoslynAnalysisRunner will not be running.
RoslynAnalysisRunner has terminated.
Mono: successfully reloaded assembly
- Completed reload, in  0.887 seconds
Platform modules already initialized, skipping
Shader 'Universal Render Pipeline/Particles/Lit': fallback shader 'Universal Render Pipeline/Particles/SimpleLit' not found
Shader 'Universal Render Pipeline/Particles/Lit': fallback shader 'Universal Render Pipeline/Particles/SimpleLit' not found
Refreshing native plugins compatible for Editor in 0.37 ms, found 0 plugins.
Preloading 0 native plugins for Editor in 0.00 ms.
Unloading 2634 Unused Serialized files (Serialized files now loaded: 0)
System memory in use before: 123.9 MB.
System memory in use after: 121.7 MB.

Unloading 38 unused Assets to reduce memory usage. Loaded Objects now: 3143.
Total: 3.394400 ms (FindLiveObjects: 0.222800 ms CreateObjectMapping: 0.107200 ms MarkObjects: 1.827100 ms  DeleteObjects: 1.236300 ms)

========================================================================
Received Prepare
Registering precompiled user dll's ...
Registered in 0.001532 seconds.
Begin MonoManager ReloadAssembly
Native extension for WindowsStandalone target not found
Native extension for WebGL target not found
Refreshing native plugins compatible for Editor in 0.38 ms, found 0 plugins.
Preloading 0 native plugins for Editor in 0.00 ms.
Invoked RoslynAnalysisRunner static constructor.
RoslynAnalysisRunner will not be running.
RoslynAnalysisRunner has terminated.
Mono: successfully reloaded assembly
- Completed reload, in  0.827 seconds
Platform modules already initialized, skipping
Shader 'Universal Render Pipeline/Particles/Lit': fallback shader 'Universal Render Pipeline/Particles/SimpleLit' not found
Shader 'Universal Render Pipeline/Particles/Lit': fallback shader 'Universal Render Pipeline/Particles/SimpleLit' not found
Refreshing native plugins compatible for Editor in 0.37 ms, found 0 plugins.
Preloading 0 native plugins for Editor in 0.00 ms.
Unloading 2634 Unused Serialized files (Serialized files now loaded: 0)
System memory in use before: 123.9 MB.
System memory in use after: 121.7 MB.

Unloading 38 unused Assets to reduce memory usage. Loaded Objects now: 3145.
Total: 3.594100 ms (FindLiveObjects: 0.248700 ms CreateObjectMapping: 0.133700 ms MarkObjects: 1.702200 ms  DeleteObjects: 1.508400 ms)

========================================================================
Received Import Request.
  Time since last request: 419.603143 seconds.
  path: Assets/Scripts/Menus/MainMenu.cs
  artifactKey: Guid(7cb804985e502ac4f8ebdf52a137ede0) Importer(815301076,1909f56bfc062723c751e8b465ee728b)
Start importing Assets/Scripts/Menus/MainMenu.cs using Guid(7cb804985e502ac4f8ebdf52a137ede0) Importer(815301076,1909f56bfc062723c751e8b465ee728b)  -> (artifact id: '96b859e2518f5f40f6a23a7c302e236b') in 0.005399 seconds
  Import took 0.008914 seconds .

========================================================================
Received Import Request.
  Time since last request: 363.298847 seconds.
  path: Assets/Textures/Menu/BACK.png
  artifactKey: Guid(45356f6a37b9ad646b1b7d622fbaa4ac) Importer(815301076,1909f56bfc062723c751e8b465ee728b)
Start importing Assets/Textures/Menu/BACK.png using Guid(45356f6a37b9ad646b1b7d622fbaa4ac) Importer(815301076,1909f56bfc062723c751e8b465ee728b)  -> (artifact id: '0bbfc5e9e7e9a81f722389df1a7f02ae') in 0.032812 seconds
  Import took 0.036594 seconds .

========================================================================
Received Import Request.
  Time since last request: 4.860841 seconds.
  path: Assets/Textures/Menu/BACK.png
  artifactKey: Guid(45356f6a37b9ad646b1b7d622fbaa4ac) Importer(815301076,1909f56bfc062723c751e8b465ee728b)
Start importing Assets/Textures/Menu/BACK.png using Guid(45356f6a37b9ad646b1b7d622fbaa4ac) Importer(815301076,1909f56bfc062723c751e8b465ee728b)  -> (artifact id: '7c051afcffba8391aae37a9aa004e0a1') in 0.023953 seconds
  Import took 0.029045 seconds .

========================================================================
Received Import Request.
  Time since last request: 75.323815 seconds.
  path: Assets/Scenes/Credits.unity
  artifactKey: Guid(d6079e864aa22a348a8106957cb7a0d6) Importer(815301076,1909f56bfc062723c751e8b465ee728b)
Start importing Assets/Scenes/Credits.unity using Guid(d6079e864aa22a348a8106957cb7a0d6) Importer(815301076,1909f56bfc062723c751e8b465ee728b)  -> (artifact id: '1406d8bab72e69ba11d0a57969b891ed') in 0.003682 seconds
  Import took 0.007944 seconds .

========================================================================
Received Import Request.
  Time since last request: 0.830829 seconds.
  path: Assets/Scenes/StartScene.unity
  artifactKey: Guid(46df6d617e3bded4f89f7946e0335de0) Importer(815301076,1909f56bfc062723c751e8b465ee728b)
Start importing Assets/Scenes/StartScene.unity using Guid(46df6d617e3bded4f89f7946e0335de0) Importer(815301076,1909f56bfc062723c751e8b465ee728b)  -> (artifact id: 'f5ad96b53c6aa3200cdeb422174fe0f4') in 0.003583 seconds
  Import took 0.007447 seconds .

========================================================================
Received Import Request.
  Time since last request: 10.820571 seconds.
  path: Assets/Scenes/Instructions.unity
  artifactKey: Guid(4a5730e848ac28e4f82741061b89b866) Importer(815301076,1909f56bfc062723c751e8b465ee728b)
Start importing Assets/Scenes/Instructions.unity using Guid(4a5730e848ac28e4f82741061b89b866) Importer(815301076,1909f56bfc062723c751e8b465ee728b)  -> (artifact id: '12e1ff24ceda0762e998313de4923c8b') in 0.004824 seconds
  Import took 0.008767 seconds .

========================================================================
Received Import Request.
  Time since last request: 60.728651 seconds.
  path: Assets/Scenes/Instructions.unity
  artifactKey: Guid(4a5730e848ac28e4f82741061b89b866) Importer(815301076,1909f56bfc062723c751e8b465ee728b)
Start importing Assets/Scenes/Instructions.unity using Guid(4a5730e848ac28e4f82741061b89b866) Importer(815301076,1909f56bfc062723c751e8b465ee728b)  -> (artifact id: '2ecca74ef0692356ee9b6276ce562b72') in 0.003656 seconds
  Import took 0.007639 seconds .

========================================================================
Received Import Request.
  Time since last request: 1.246313 seconds.
  path: Assets/Scenes/Credits.unity
  artifactKey: Guid(d6079e864aa22a348a8106957cb7a0d6) Importer(815301076,1909f56bfc062723c751e8b465ee728b)
Start importing Assets/Scenes/Credits.unity using Guid(d6079e864aa22a348a8106957cb7a0d6) Importer(815301076,1909f56bfc062723c751e8b465ee728b)  -> (artifact id: '769722cfb09ae37345f3268f06fe8b27') in 0.003438 seconds
  Import took 0.007145 seconds .

========================================================================
Received Import Request.
  Time since last request: 78.704792 seconds.
  path: Assets/Scenes/SampleScene.unity
  artifactKey: Guid(d1c3109bdb54ad54c8a2b2838528e640) Importer(815301076,1909f56bfc062723c751e8b465ee728b)
Start importing Assets/Scenes/SampleScene.unity using Guid(d1c3109bdb54ad54c8a2b2838528e640) Importer(815301076,1909f56bfc062723c751e8b465ee728b)  -> (artifact id: 'ae53db79982e8496347ebaafb42c164a') in 0.004898 seconds
  Import took 0.008731 seconds .

========================================================================
Received Import Request.
  Time since last request: 81.780709 seconds.
  path: Assets/Scenes/Instructions.unity
  artifactKey: Guid(4a5730e848ac28e4f82741061b89b866) Importer(815301076,1909f56bfc062723c751e8b465ee728b)
Start importing Assets/Scenes/Instructions.unity using Guid(4a5730e848ac28e4f82741061b89b866) Importer(815301076,1909f56bfc062723c751e8b465ee728b)  -> (artifact id: '83f6c71759b79a608b73e04fda2d857c') in 0.004063 seconds
  Import took 0.007681 seconds .

========================================================================
Received Import Request.
  Time since last request: 7.654006 seconds.
  path: Assets/Scenes/SampleScene.unity
  artifactKey: Guid(d1c3109bdb54ad54c8a2b2838528e640) Importer(815301076,1909f56bfc062723c751e8b465ee728b)
Start importing Assets/Scenes/SampleScene.unity using Guid(d1c3109bdb54ad54c8a2b2838528e640) Importer(815301076,1909f56bfc062723c751e8b465ee728b)  -> (artifact id: 'f8c8f256ea91607aa99f3fb6c0801b98') in 0.005363 seconds
  Import took 0.010964 seconds .

========================================================================
Received Prepare
Registering precompiled user dll's ...
Registered in 0.001705 seconds.
Begin MonoManager ReloadAssembly
Native extension for WindowsStandalone target not found
Native extension for WebGL target not found
Refreshing native plugins compatible for Editor in 0.39 ms, found 0 plugins.
Preloading 0 native plugins for Editor in 0.00 ms.
Invoked RoslynAnalysisRunner static constructor.
RoslynAnalysisRunner will not be running.
RoslynAnalysisRunner has terminated.
Mono: successfully reloaded assembly
- Completed reload, in  0.813 seconds
Platform modules already initialized, skipping
Shader 'Universal Render Pipeline/Particles/Lit': fallback shader 'Universal Render Pipeline/Particles/SimpleLit' not found
Shader 'Universal Render Pipeline/Particles/Lit': fallback shader 'Universal Render Pipeline/Particles/SimpleLit' not found
Refreshing native plugins compatible for Editor in 0.37 ms, found 0 plugins.
Preloading 0 native plugins for Editor in 0.00 ms.
Unloading 2634 Unused Serialized files (Serialized files now loaded: 0)
System memory in use before: 123.9 MB.
System memory in use after: 121.8 MB.

Unloading 38 unused Assets to reduce memory usage. Loaded Objects now: 3148.
Total: 3.171500 ms (FindLiveObjects: 0.235300 ms CreateObjectMapping: 0.130300 ms MarkObjects: 1.630900 ms  DeleteObjects: 1.174300 ms)

========================================================================
Received Import Request.
  Time since last request: 324.965281 seconds.
  path: Assets/Textures/Menu/PLAY 1.png
  artifactKey: Guid(2419e43e6c6e568449be123b97abcb0b) Importer(815301076,1909f56bfc062723c751e8b465ee728b)
Start importing Assets/Textures/Menu/PLAY 1.png using Guid(2419e43e6c6e568449be123b97abcb0b) Importer(815301076,1909f56bfc062723c751e8b465ee728b)  -> (artifact id: '80b4d5c92e28b1acd57f8abdc8d44613') in 0.047091 seconds
  Import took 0.050883 seconds .

========================================================================
Received Import Request.
  Time since last request: 19.036379 seconds.
  path: Assets/Textures/Menu/PLAY 1.png
  artifactKey: Guid(2419e43e6c6e568449be123b97abcb0b) Importer(815301076,1909f56bfc062723c751e8b465ee728b)
Start importing Assets/Textures/Menu/PLAY 1.png using Guid(2419e43e6c6e568449be123b97abcb0b) Importer(815301076,1909f56bfc062723c751e8b465ee728b)  -> (artifact id: 'cc797ba514f80f874f8e1e57cfc629c2') in 0.009716 seconds
  Import took 0.013246 seconds .

========================================================================
Received Import Request.
  Time since last request: 0.007321 seconds.
  path: Assets/Textures/Menu/PLAY 1.png
  artifactKey: Guid(2419e43e6c6e568449be123b97abcb0b) Importer(815301076,1909f56bfc062723c751e8b465ee728b)
Start importing Assets/Textures/Menu/PLAY 1.png using Guid(2419e43e6c6e568449be123b97abcb0b) Importer(815301076,1909f56bfc062723c751e8b465ee728b)  -> (artifact id: 'cc797ba514f80f874f8e1e57cfc629c2') in 0.011117 seconds
  Import took 0.015421 seconds .

========================================================================
Received Import Request.
  Time since last request: 4.865599 seconds.
  path: Assets/Textures/Menu/MENU 1.png
  artifactKey: Guid(6539c3272a4d90a46b80ff425e8045a1) Importer(815301076,1909f56bfc062723c751e8b465ee728b)
Start importing Assets/Textures/Menu/MENU 1.png using Guid(6539c3272a4d90a46b80ff425e8045a1) Importer(815301076,1909f56bfc062723c751e8b465ee728b)  -> (artifact id: '53dada5690a8c3db568b251eac71008f') in 0.009036 seconds
  Import took 0.012938 seconds .

========================================================================
Received Import Request.
  Time since last request: 0.002478 seconds.
  path: Assets/Textures/Menu/MENU 1.png
  artifactKey: Guid(6539c3272a4d90a46b80ff425e8045a1) Importer(815301076,1909f56bfc062723c751e8b465ee728b)
Start importing Assets/Textures/Menu/MENU 1.png using Guid(6539c3272a4d90a46b80ff425e8045a1) Importer(815301076,1909f56bfc062723c751e8b465ee728b)  -> (artifact id: '53dada5690a8c3db568b251eac71008f') in 0.011948 seconds
  Import took 0.015702 seconds .

========================================================================
Received Import Request.
  Time since last request: 5.777285 seconds.
  path: Assets/Textures/Menu/MENU 1.png
  artifactKey: Guid(6539c3272a4d90a46b80ff425e8045a1) Importer(815301076,1909f56bfc062723c751e8b465ee728b)
Start importing Assets/Textures/Menu/MENU 1.png using Guid(6539c3272a4d90a46b80ff425e8045a1) Importer(815301076,1909f56bfc062723c751e8b465ee728b)  -> (artifact id: '1dd9742cd37642a99795216ef7aedfd3') in 0.012897 seconds
  Import took 0.017030 seconds .

========================================================================
Received Prepare
Registering precompiled user dll's ...
Registered in 0.001471 seconds.
Begin MonoManager ReloadAssembly
Native extension for WindowsStandalone target not found
Native extension for WebGL target not found
Refreshing native plugins compatible for Editor in 0.42 ms, found 0 plugins.
Preloading 0 native plugins for Editor in 0.00 ms.
Invoked RoslynAnalysisRunner static constructor.
RoslynAnalysisRunner will not be running.
RoslynAnalysisRunner has terminated.
Mono: successfully reloaded assembly
- Completed reload, in  0.832 seconds
Platform modules already initialized, skipping
Shader 'Universal Render Pipeline/Particles/Lit': fallback shader 'Universal Render Pipeline/Particles/SimpleLit' not found
Shader 'Universal Render Pipeline/Particles/Lit': fallback shader 'Universal Render Pipeline/Particles/SimpleLit' not found
Refreshing native plugins compatible for Editor in 0.37 ms, found 0 plugins.
Preloading 0 native plugins for Editor in 0.00 ms.
Unloading 2634 Unused Serialized files (Serialized files now loaded: 0)
System memory in use before: 123.9 MB.
System memory in use after: 121.8 MB.

Unloading 38 unused Assets to reduce memory usage. Loaded Objects now: 3151.
Total: 3.224900 ms (FindLiveObjects: 0.258400 ms CreateObjectMapping: 0.115800 ms MarkObjects: 1.668100 ms  DeleteObjects: 1.181400 ms)

========================================================================
Received Prepare
Registering precompiled user dll's ...
Registered in 0.002117 seconds.
Begin MonoManager ReloadAssembly
Native extension for WindowsStandalone target not found
Native extension for WebGL target not found
Refreshing native plugins compatible for Editor in 0.41 ms, found 0 plugins.
Preloading 0 native plugins for Editor in 0.00 ms.
Invoked RoslynAnalysisRunner static constructor.
RoslynAnalysisRunner will not be running.
RoslynAnalysisRunner has terminated.
Mono: successfully reloaded assembly
- Completed reload, in  0.829 seconds
Platform modules already initialized, skipping
Shader 'Universal Render Pipeline/Particles/Lit': fallback shader 'Universal Render Pipeline/Particles/SimpleLit' not found
Shader 'Universal Render Pipeline/Particles/Lit': fallback shader 'Universal Render Pipeline/Particles/SimpleLit' not found
Refreshing native plugins compatible for Editor in 0.38 ms, found 0 plugins.
Preloading 0 native plugins for Editor in 0.00 ms.
Unloading 2634 Unused Serialized files (Serialized files now loaded: 0)
System memory in use before: 123.9 MB.
System memory in use after: 121.8 MB.

Unloading 38 unused Assets to reduce memory usage. Loaded Objects now: 3153.
Total: 3.170100 ms (FindLiveObjects: 0.231000 ms CreateObjectMapping: 0.124800 ms MarkObjects: 1.622900 ms  DeleteObjects: 1.190600 ms)

========================================================================
Received Prepare
Registering precompiled user dll's ...
Registered in 0.001463 seconds.
Begin MonoManager ReloadAssembly
Native extension for WindowsStandalone target not found
Native extension for WebGL target not found
Refreshing native plugins compatible for Editor in 0.39 ms, found 0 plugins.
Preloading 0 native plugins for Editor in 0.00 ms.
Invoked RoslynAnalysisRunner static constructor.
RoslynAnalysisRunner will not be running.
RoslynAnalysisRunner has terminated.
Mono: successfully reloaded assembly
- Completed reload, in  0.832 seconds
Platform modules already initialized, skipping
Shader 'Universal Render Pipeline/Particles/Lit': fallback shader 'Universal Render Pipeline/Particles/SimpleLit' not found
Shader 'Universal Render Pipeline/Particles/Lit': fallback shader 'Universal Render Pipeline/Particles/SimpleLit' not found
Refreshing native plugins compatible for Editor in 0.40 ms, found 0 plugins.
Preloading 0 native plugins for Editor in 0.00 ms.
Unloading 2634 Unused Serialized files (Serialized files now loaded: 0)
System memory in use before: 124.0 MB.
System memory in use after: 121.8 MB.

Unloading 38 unused Assets to reduce memory usage. Loaded Objects now: 3155.
Total: 3.309800 ms (FindLiveObjects: 0.248600 ms CreateObjectMapping: 0.133300 ms MarkObjects: 1.682600 ms  DeleteObjects: 1.244100 ms)

========================================================================
Received Import Request.
  Time since last request: 294.079735 seconds.
  path: Assets/Scenes/SampleScene.unity
  artifactKey: Guid(d1c3109bdb54ad54c8a2b2838528e640) Importer(815301076,1909f56bfc062723c751e8b465ee728b)
Start importing Assets/Scenes/SampleScene.unity using Guid(d1c3109bdb54ad54c8a2b2838528e640) Importer(815301076,1909f56bfc062723c751e8b465ee728b)  -> (artifact id: '2ba61723a6bd4086dc998a6ff1449d8c') in 0.015277 seconds
  Import took 0.018947 seconds .

========================================================================
Received Prepare
Registering precompiled user dll's ...
Registered in 0.001610 seconds.
Begin MonoManager ReloadAssembly
Native extension for WindowsStandalone target not found
Native extension for WebGL target not found
Refreshing native plugins compatible for Editor in 0.39 ms, found 0 plugins.
Preloading 0 native plugins for Editor in 0.00 ms.
Invoked RoslynAnalysisRunner static constructor.
RoslynAnalysisRunner will not be running.
RoslynAnalysisRunner has terminated.
Mono: successfully reloaded assembly
- Completed reload, in  0.788 seconds
Platform modules already initialized, skipping
Shader 'Universal Render Pipeline/Particles/Lit': fallback shader 'Universal Render Pipeline/Particles/SimpleLit' not found
Shader 'Universal Render Pipeline/Particles/Lit': fallback shader 'Universal Render Pipeline/Particles/SimpleLit' not found
Refreshing native plugins compatible for Editor in 0.39 ms, found 0 plugins.
Preloading 0 native plugins for Editor in 0.00 ms.
Unloading 2634 Unused Serialized files (Serialized files now loaded: 0)
System memory in use before: 124.0 MB.
System memory in use after: 121.8 MB.

Unloading 38 unused Assets to reduce memory usage. Loaded Objects now: 3157.
Total: 3.429000 ms (FindLiveObjects: 0.325400 ms CreateObjectMapping: 0.168800 ms MarkObjects: 1.734100 ms  DeleteObjects: 1.199800 ms)

========================================================================
Received Import Request.
  Time since last request: 109.511283 seconds.
  path: Assets/Settings/SampleSceneProfile.asset
  artifactKey: Guid(10fc4df2da32a41aaa32d77bc913491c) Importer(815301076,1909f56bfc062723c751e8b465ee728b)
Start importing Assets/Settings/SampleSceneProfile.asset using Guid(10fc4df2da32a41aaa32d77bc913491c) Importer(815301076,1909f56bfc062723c751e8b465ee728b)  -> (artifact id: '1107059dd4fbdee7be0e59938cf3863a') in 0.025244 seconds
  Import took 0.029520 seconds .

========================================================================
Received Prepare
Registering precompiled user dll's ...
Registered in 0.001617 seconds.
Begin MonoManager ReloadAssembly
Native extension for WindowsStandalone target not found
Native extension for WebGL target not found
Refreshing native plugins compatible for Editor in 0.38 ms, found 0 plugins.
Preloading 0 native plugins for Editor in 0.00 ms.
Invoked RoslynAnalysisRunner static constructor.
RoslynAnalysisRunner will not be running.
RoslynAnalysisRunner has terminated.
Mono: successfully reloaded assembly
- Completed reload, in  0.777 seconds
Platform modules already initialized, skipping
Shader 'Universal Render Pipeline/Particles/Lit': fallback shader 'Universal Render Pipeline/Particles/SimpleLit' not found
Shader 'Universal Render Pipeline/Particles/Lit': fallback shader 'Universal Render Pipeline/Particles/SimpleLit' not found
Refreshing native plugins compatible for Editor in 0.37 ms, found 0 plugins.
Preloading 0 native plugins for Editor in 0.00 ms.
Unloading 2634 Unused Serialized files (Serialized files now loaded: 0)
System memory in use before: 124.0 MB.
System memory in use after: 121.8 MB.

Unloading 38 unused Assets to reduce memory usage. Loaded Objects now: 3159.
Total: 3.288700 ms (FindLiveObjects: 0.261000 ms CreateObjectMapping: 0.129900 ms MarkObjects: 1.697900 ms  DeleteObjects: 1.198900 ms)

========================================================================
Received Prepare
Registering precompiled user dll's ...
Registered in 0.001566 seconds.
Begin MonoManager ReloadAssembly
Native extension for WindowsStandalone target not found
Native extension for WebGL target not found
Refreshing native plugins compatible for Editor in 0.38 ms, found 0 plugins.
Preloading 0 native plugins for Editor in 0.00 ms.
Invoked RoslynAnalysisRunner static constructor.
RoslynAnalysisRunner will not be running.
RoslynAnalysisRunner has terminated.
Mono: successfully reloaded assembly
- Completed reload, in  0.815 seconds
Platform modules already initialized, skipping
Shader 'Universal Render Pipeline/Particles/Lit': fallback shader 'Universal Render Pipeline/Particles/SimpleLit' not found
Shader 'Universal Render Pipeline/Particles/Lit': fallback shader 'Universal Render Pipeline/Particles/SimpleLit' not found
Refreshing native plugins compatible for Editor in 0.40 ms, found 0 plugins.
Preloading 0 native plugins for Editor in 0.00 ms.
Unloading 2634 Unused Serialized files (Serialized files now loaded: 0)
System memory in use before: 124.0 MB.
System memory in use after: 121.8 MB.

Unloading 38 unused Assets to reduce memory usage. Loaded Objects now: 3161.
Total: 3.437900 ms (FindLiveObjects: 0.275500 ms CreateObjectMapping: 0.144200 ms MarkObjects: 1.795700 ms  DeleteObjects: 1.220800 ms)

========================================================================
Received Prepare
Registering precompiled user dll's ...
Registered in 0.001425 seconds.
Begin MonoManager ReloadAssembly
Native extension for WindowsStandalone target not found
Native extension for WebGL target not found
Refreshing native plugins compatible for Editor in 0.38 ms, found 0 plugins.
Preloading 0 native plugins for Editor in 0.00 ms.
Invoked RoslynAnalysisRunner static constructor.
RoslynAnalysisRunner will not be running.
RoslynAnalysisRunner has terminated.
Mono: successfully reloaded assembly
- Completed reload, in  0.784 seconds
Platform modules already initialized, skipping
Shader 'Universal Render Pipeline/Particles/Lit': fallback shader 'Universal Render Pipeline/Particles/SimpleLit' not found
Shader 'Universal Render Pipeline/Particles/Lit': fallback shader 'Universal Render Pipeline/Particles/SimpleLit' not found
Refreshing native plugins compatible for Editor in 0.41 ms, found 0 plugins.
Preloading 0 native plugins for Editor in 0.00 ms.
Unloading 2634 Unused Serialized files (Serialized files now loaded: 0)
System memory in use before: 124.0 MB.
System memory in use after: 121.9 MB.

Unloading 38 unused Assets to reduce memory usage. Loaded Objects now: 3163.
Total: 4.855700 ms (FindLiveObjects: 0.470500 ms CreateObjectMapping: 0.185600 ms MarkObjects: 2.294100 ms  DeleteObjects: 1.904000 ms)

AssetImportWorkerClient::OnTransportError - code=2 error=End of file
